<?xml version="1.0" encoding="UTF-8"?>
<testng-results ignored="0" total="1" passed="1" failed="0" skipped="0">
  <reporter-output>
  </reporter-output>
  <suite started-at="2023-06-23T19:57:34 IST" name="Suite" finished-at="2023-06-23T19:57:46 IST" duration-ms="11685">
    <groups>
    </groups>
    <test started-at="2023-06-23T19:57:34 IST" name="Test" finished-at="2023-06-23T19:57:46 IST" duration-ms="11685">
      <class name="testCases.VerifyAddToCart">
        <test-method is-config="true" signature="launchUrl()[pri:0, instance:testCases.VerifyAddToCart@130161f7]" started-at="2023-06-23T19:57:34 IST" name="launchUrl" finished-at="2023-06-23T19:57:40 IST" duration-ms="5646" status="PASS">
          <reporter-output>
          </reporter-output>
        </test-method> <!-- launchUrl -->
        <test-method signature="addToCart()[pri:0, instance:testCases.VerifyAddToCart@130161f7]" started-at="2023-06-23T19:57:40 IST" name="addToCart" finished-at="2023-06-23T19:57:46 IST" duration-ms="5997" status="PASS">
          <reporter-output>
          </reporter-output>
        </test-method> <!-- addToCart -->
      </class> <!-- testCases.VerifyAddToCart -->
    </test> <!-- Test -->
  </suite> <!-- Suite -->
</testng-results>
