<?xml version="1.0" encoding="UTF-8"?>
<testng-results ignored="0" total="1" passed="1" failed="0" skipped="0">
  <reporter-output>
  </reporter-output>
  <suite started-at="2023-06-23T19:33:07 IST" name="Default suite" finished-at="2023-06-23T19:33:16 IST" duration-ms="8946">
    <groups>
    </groups>
    <test started-at="2023-06-23T19:33:07 IST" name="Default test" finished-at="2023-06-23T19:33:16 IST" duration-ms="8946">
      <class name="testCases.VerifyAddToCart">
        <test-method is-config="true" signature="launchUrl()[pri:0, instance:testCases.VerifyAddToCart@f5ac9e4]" started-at="2023-06-23T19:33:07 IST" name="launchUrl" finished-at="2023-06-23T19:33:11 IST" duration-ms="3809" status="PASS">
          <reporter-output>
          </reporter-output>
        </test-method> <!-- launchUrl -->
        <test-method signature="addToCart()[pri:0, instance:testCases.VerifyAddToCart@f5ac9e4]" started-at="2023-06-23T19:33:11 IST" name="addToCart" finished-at="2023-06-23T19:33:16 IST" duration-ms="5107" status="PASS">
          <reporter-output>
          </reporter-output>
        </test-method> <!-- addToCart -->
      </class> <!-- testCases.VerifyAddToCart -->
    </test> <!-- Default test -->
  </suite> <!-- Default suite -->
</testng-results>
